Processors: 6
size:16
Size of Afull: (16, 17)
Block mapping method selected...
[[0, 1], [2, 3], [4, 5], [6, 7], [8, 9], [10, 11, 12, 13, 14, 15, 16]]
=========================================
[0.5039998841009279, -1.5445689141007188, 0.6885195684785292, -2.201044079749873, 0.05243464912834157, -0.35464090966788164, 0.7170678730725535, -0.3822970280492405, -1.10827622038163, 0.6435744825745379, -0.01724553859993717, 0.6743928826043191, 0.7507210701857578, 0.3445787315556408, 1.0603809018661257, 0.06312123798069662 ]
=========================================
EXEC_TIME: 0.008255814s
Processors: 6
size:16
Size of Afull: (16, 17)
Shuffle method selected...
[[0, 6, 12], [1, 7, 13], [2, 8, 14], [3, 9, 15], [4, 10, 16], [5, 11]]
=========================================
[0.5039998841009279, -1.5445689141007188, 0.6885195684785292, -2.201044079749873, 0.05243464912834157, -0.35464090966788164, 0.7170678730725535, -0.3822970280492405, -1.10827622038163, 0.6435744825745379, -0.01724553859993717, 0.6743928826043191, 0.7507210701857578, 0.3445787315556408, 1.0603809018661257, 0.06312123798069662 ]
=========================================
EXEC_TIME: 0.03375413s
Processors: 6
size:32
Size of Afull: (32, 33)
Block mapping method selected...
[[0, 1, 2, 3, 4], [5, 6, 7, 8, 9], [10, 11, 12, 13, 14], [15, 16, 17, 18, 19], [20, 21, 22, 23, 24], [25, 26, 27, 28, 29, 30, 31, 32]]
=========================================
[-2.8817544538984277, -1.3792352723530077, -0.1575756943427452, -1.4710940017924767, -3.267858484911124, -0.42815170022518967, -1.441503171648914, -3.59748321185697, 1.9087317228687464, -2.156655013467219, 2.8341726659864763, 1.4950168929027794, -4.031242883026428, 1.0273788141416187, -1.6780204141462898, -0.5780117835338325, -1.8937790162253831, 3.704705100068166, -0.3019891688111558, 0.68279939441401, 0.20378258046360953, -2.497925066252583, 2.2557739714774185, -1.4305991844116983, 1.8173219843958404, 0.5789412910694347, 3.6518690690743814, 0.5745864666911746, -0.41896302421105847, 2.713265901086328, 1.1899606590437175, -3.452548615566236 ]
=========================================
EXEC_TIME: 0.044421237s
Processors: 6
size:32
Size of Afull: (32, 33)
Shuffle method selected...
[[0, 6, 12, 18, 24, 30], [1, 7, 13, 19, 25, 31], [2, 8, 14, 20, 26, 32], [3, 9, 15, 21, 27], [4, 10, 16, 22, 28], [5, 11, 17, 23, 29]]
=========================================
[-2.8817544538984277, -1.3792352723530077, -0.1575756943427452, -1.4710940017924767, -3.267858484911124, -0.42815170022518967, -1.441503171648914, -3.59748321185697, 1.9087317228687464, -2.156655013467219, 2.8341726659864763, 1.4950168929027794, -4.031242883026428, 1.0273788141416187, -1.6780204141462898, -0.5780117835338325, -1.8937790162253831, 3.704705100068166, -0.3019891688111558, 0.68279939441401, 0.20378258046360953, -2.497925066252583, 2.2557739714774185, -1.4305991844116983, 1.8173219843958404, 0.5789412910694347, 3.6518690690743814, 0.5745864666911746, -0.41896302421105847, 2.713265901086328, 1.1899606590437175, -3.452548615566236 ]
=========================================
EXEC_TIME: 0.043105266s
Processors: 6
size:48
Size of Afull: (48, 49)
Block mapping method selected...
[[0, 1, 2, 3, 4, 5, 6, 7], [8, 9, 10, 11, 12, 13, 14, 15], [16, 17, 18, 19, 20, 21, 22, 23], [24, 25, 26, 27, 28, 29, 30, 31], [32, 33, 34, 35, 36, 37, 38, 39], [40, 41, 42, 43, 44, 45, 46, 47, 48]]
=========================================
[0.472176623901135, 1.6904147016793571, 0.9418991609713823, -1.0501230779131945, 2.12700425061836, 0.6326032697162444, 1.2141438598085978, 2.375998351023756, 1.0081310940621933, 2.1829615413010233, 0.8834896073793322, -0.7233222443572334, -0.6392169837330732, -2.09368753603932, -0.10151389875338479, 0.5617880176101979, -0.05932075597202224, -0.8693088401750233, 0.5300897783656823, 0.8717058226408715, -1.5543396716533433, 1.3128222184402634, -0.5560705707397469, 1.6485314347319644, -0.907633374087732, 2.8073103404652473, 0.8426044129371091, 0.7731298562035556, 0.43104390909295515, 1.1299197884117995, -0.08791962932485892, -0.8535761194956433, -3.1563293675215576, 0.4625677489882401, 0.5473583989755283, -0.04112223273408866, -0.1401702110804338, -0.17505608029879371, 1.0356847367330853, 0.3508055314759016, 0.8534467965952719, -0.4547202667444889, 0.16062472487885496, 1.2383826539749796, -0.5714862197215641, -1.0601455021233988, -0.3783984473176709, 1.3953760496177896 ]
=========================================
EXEC_TIME: 0.090987774s
Processors: 6
size:48
Size of Afull: (48, 49)
Shuffle method selected...
[[0, 6, 12, 18, 24, 30, 36, 42, 48], [1, 7, 13, 19, 25, 31, 37, 43], [2, 8, 14, 20, 26, 32, 38, 44], [3, 9, 15, 21, 27, 33, 39, 45], [4, 10, 16, 22, 28, 34, 40, 46], [5, 11, 17, 23, 29, 35, 41, 47]]
=========================================
[0.472176623901135, 1.6904147016793571, 0.9418991609713823, -1.0501230779131945, 2.12700425061836, 0.6326032697162444, 1.2141438598085978, 2.375998351023756, 1.0081310940621933, 2.1829615413010233, 0.8834896073793322, -0.7233222443572334, -0.6392169837330732, -2.09368753603932, -0.10151389875338479, 0.5617880176101979, -0.05932075597202224, -0.8693088401750233, 0.5300897783656823, 0.8717058226408715, -1.5543396716533433, 1.3128222184402634, -0.5560705707397469, 1.6485314347319644, -0.907633374087732, 2.8073103404652473, 0.8426044129371091, 0.7731298562035556, 0.43104390909295515, 1.1299197884117995, -0.08791962932485892, -0.8535761194956433, -3.1563293675215576, 0.4625677489882401, 0.5473583989755283, -0.04112223273408866, -0.1401702110804338, -0.17505608029879371, 1.0356847367330853, 0.3508055314759016, 0.8534467965952719, -0.4547202667444889, 0.16062472487885496, 1.2383826539749796, -0.5714862197215641, -1.0601455021233988, -0.3783984473176709, 1.3953760496177896 ]
=========================================
EXEC_TIME: 0.079757642s
Processors: 8
size:16
Size of Afull: (16, 17)
Block mapping method selected...
[[0, 1], [2, 3], [4, 5], [6, 7], [8, 9], [10, 11], [12, 13], [14, 15, 16]]
=========================================
[0.5039998841009279, -1.5445689141007188, 0.6885195684785292, -2.201044079749873, 0.05243464912834157, -0.35464090966788164, 0.7170678730725535, -0.3822970280492405, -1.10827622038163, 0.6435744825745379, -0.01724553859993717, 0.6743928826043191, 0.7507210701857578, 0.3445787315556408, 1.0603809018661257, 0.06312123798069662 ]
=========================================
EXEC_TIME: 0.051982707s
Processors: 8
size:16
Size of Afull: (16, 17)
Shuffle method selected...
[[0, 8, 16], [1, 9], [2, 10], [3, 11], [4, 12], [5, 13], [6, 14], [7, 15]]
=========================================
[0.5039998841009279, -1.5445689141007188, 0.6885195684785292, -2.201044079749873, 0.05243464912834157, -0.35464090966788164, 0.7170678730725535, -0.3822970280492405, -1.10827622038163, 0.6435744825745379, -0.01724553859993717, 0.6743928826043191, 0.7507210701857578, 0.3445787315556408, 1.0603809018661257, 0.06312123798069662 ]
=========================================
EXEC_TIME: 0.027259487s
Processors: 8
size:32
Size of Afull: (32, 33)
Block mapping method selected...
[[0, 1, 2, 3], [4, 5, 6, 7], [8, 9, 10, 11], [12, 13, 14, 15], [16, 17, 18, 19], [20, 21, 22, 23], [24, 25, 26, 27], [28, 29, 30, 31, 32]]
=========================================
[-2.8817544538984277, -1.3792352723530077, -0.1575756943427452, -1.4710940017924767, -3.267858484911124, -0.42815170022518967, -1.441503171648914, -3.59748321185697, 1.9087317228687464, -2.156655013467219, 2.8341726659864763, 1.4950168929027794, -4.031242883026428, 1.0273788141416187, -1.6780204141462898, -0.5780117835338325, -1.8937790162253831, 3.704705100068166, -0.3019891688111558, 0.68279939441401, 0.20378258046360953, -2.497925066252583, 2.2557739714774185, -1.4305991844116983, 1.8173219843958404, 0.5789412910694347, 3.6518690690743814, 0.5745864666911746, -0.41896302421105847, 2.713265901086328, 1.1899606590437175, -3.452548615566236 ]
=========================================
EXEC_TIME: 0.053645231s
Processors: 8
size:32
Size of Afull: (32, 33)
Shuffle method selected...
[[0, 8, 16, 24, 32], [1, 9, 17, 25], [2, 10, 18, 26], [3, 11, 19, 27], [4, 12, 20, 28], [5, 13, 21, 29], [6, 14, 22, 30], [7, 15, 23, 31]]
=========================================
[-2.8817544538984277, -1.3792352723530077, -0.1575756943427452, -1.4710940017924767, -3.267858484911124, -0.42815170022518967, -1.441503171648914, -3.59748321185697, 1.9087317228687464, -2.156655013467219, 2.8341726659864763, 1.4950168929027794, -4.031242883026428, 1.0273788141416187, -1.6780204141462898, -0.5780117835338325, -1.8937790162253831, 3.704705100068166, -0.3019891688111558, 0.68279939441401, 0.20378258046360953, -2.497925066252583, 2.2557739714774185, -1.4305991844116983, 1.8173219843958404, 0.5789412910694347, 3.6518690690743814, 0.5745864666911746, -0.41896302421105847, 2.713265901086328, 1.1899606590437175, -3.452548615566236 ]
=========================================
EXEC_TIME: 0.051689797s
Processors: 8
size:48
Size of Afull: (48, 49)
Block mapping method selected...
[[0, 1, 2, 3, 4, 5], [6, 7, 8, 9, 10, 11], [12, 13, 14, 15, 16, 17], [18, 19, 20, 21, 22, 23], [24, 25, 26, 27, 28, 29], [30, 31, 32, 33, 34, 35], [36, 37, 38, 39, 40, 41], [42, 43, 44, 45, 46, 47, 48]]
=========================================
[0.472176623901135, 1.6904147016793571, 0.9418991609713823, -1.0501230779131945, 2.12700425061836, 0.6326032697162444, 1.2141438598085978, 2.375998351023756, 1.0081310940621933, 2.1829615413010233, 0.8834896073793322, -0.7233222443572334, -0.6392169837330732, -2.09368753603932, -0.10151389875338479, 0.5617880176101979, -0.05932075597202224, -0.8693088401750233, 0.5300897783656823, 0.8717058226408715, -1.5543396716533433, 1.3128222184402634, -0.5560705707397469, 1.6485314347319644, -0.907633374087732, 2.8073103404652473, 0.8426044129371091, 0.7731298562035556, 0.43104390909295515, 1.1299197884117995, -0.08791962932485892, -0.8535761194956433, -3.1563293675215576, 0.4625677489882401, 0.5473583989755283, -0.04112223273408866, -0.1401702110804338, -0.17505608029879371, 1.0356847367330853, 0.3508055314759016, 0.8534467965952719, -0.4547202667444889, 0.16062472487885496, 1.2383826539749796, -0.5714862197215641, -1.0601455021233988, -0.3783984473176709, 1.3953760496177896 ]
=========================================
EXEC_TIME: 0.106055698s
Processors: 8
size:48
Size of Afull: (48, 49)
Shuffle method selected...
[[0, 8, 16, 24, 32, 40, 48], [1, 9, 17, 25, 33, 41], [2, 10, 18, 26, 34, 42], [3, 11, 19, 27, 35, 43], [4, 12, 20, 28, 36, 44], [5, 13, 21, 29, 37, 45], [6, 14, 22, 30, 38, 46], [7, 15, 23, 31, 39, 47]]
=========================================
[0.472176623901135, 1.6904147016793571, 0.9418991609713823, -1.0501230779131945, 2.12700425061836, 0.6326032697162444, 1.2141438598085978, 2.375998351023756, 1.0081310940621933, 2.1829615413010233, 0.8834896073793322, -0.7233222443572334, -0.6392169837330732, -2.09368753603932, -0.10151389875338479, 0.5617880176101979, -0.05932075597202224, -0.8693088401750233, 0.5300897783656823, 0.8717058226408715, -1.5543396716533433, 1.3128222184402634, -0.5560705707397469, 1.6485314347319644, -0.907633374087732, 2.8073103404652473, 0.8426044129371091, 0.7731298562035556, 0.43104390909295515, 1.1299197884117995, -0.08791962932485892, -0.8535761194956433, -3.1563293675215576, 0.4625677489882401, 0.5473583989755283, -0.04112223273408866, -0.1401702110804338, -0.17505608029879371, 1.0356847367330853, 0.3508055314759016, 0.8534467965952719, -0.4547202667444889, 0.16062472487885496, 1.2383826539749796, -0.5714862197215641, -1.0601455021233988, -0.3783984473176709, 1.3953760496177896 ]
=========================================
EXEC_TIME: 0.074283657s
Processors: 10
size:16
Size of Afull: (16, 17)
Block mapping method selected...
[[0], [1], [2], [3], [4], [5], [6], [7], [8], [9, 10, 11, 12, 13, 14, 15, 16]]
=========================================
[0.5039998841009279, -1.5445689141007188, 0.6885195684785292, -2.201044079749873, 0.05243464912834157, -0.35464090966788164, 0.7170678730725535, -0.3822970280492405, -1.10827622038163, 0.6435744825745379, -0.01724553859993717, 0.6743928826043191, 0.7507210701857578, 0.3445787315556408, 1.0603809018661257, 0.06312123798069662 ]
=========================================
EXEC_TIME: 0.036405628s
Processors: 10
size:16
Size of Afull: (16, 17)
Shuffle method selected...
[[0, 10], [1, 11], [2, 12], [3, 13], [4, 14], [5, 15], [6, 16], [7], [8], [9]]
=========================================
[0.5039998841009279, -1.5445689141007188, 0.6885195684785292, -2.201044079749873, 0.05243464912834157, -0.35464090966788164, 0.7170678730725535, -0.3822970280492405, -1.10827622038163, 0.6435744825745379, -0.01724553859993717, 0.6743928826043191, 0.7507210701857578, 0.3445787315556408, 1.0603809018661257, 0.06312123798069662 ]
=========================================
EXEC_TIME: 0.040294378s
Processors: 10
size:32
Size of Afull: (32, 33)
Block mapping method selected...
[[0, 1, 2], [3, 4, 5], [6, 7, 8], [9, 10, 11], [12, 13, 14], [15, 16, 17], [18, 19, 20], [21, 22, 23], [24, 25, 26], [27, 28, 29, 30, 31, 32]]
=========================================
[-2.8817544538984277, -1.3792352723530077, -0.1575756943427452, -1.4710940017924767, -3.267858484911124, -0.42815170022518967, -1.441503171648914, -3.59748321185697, 1.9087317228687464, -2.156655013467219, 2.8341726659864763, 1.4950168929027794, -4.031242883026428, 1.0273788141416187, -1.6780204141462898, -0.5780117835338325, -1.8937790162253831, 3.704705100068166, -0.3019891688111558, 0.68279939441401, 0.20378258046360953, -2.497925066252583, 2.2557739714774185, -1.4305991844116983, 1.8173219843958404, 0.5789412910694347, 3.6518690690743814, 0.5745864666911746, -0.41896302421105847, 2.713265901086328, 1.1899606590437175, -3.452548615566236 ]
=========================================
EXEC_TIME: 0.093567222s
Processors: 10
size:32
Size of Afull: (32, 33)
Shuffle method selected...
[[0, 10, 20, 30], [1, 11, 21, 31], [2, 12, 22, 32], [3, 13, 23], [4, 14, 24], [5, 15, 25], [6, 16, 26], [7, 17, 27], [8, 18, 28], [9, 19, 29]]
=========================================
[-2.8817544538984277, -1.3792352723530077, -0.1575756943427452, -1.4710940017924767, -3.267858484911124, -0.42815170022518967, -1.441503171648914, -3.59748321185697, 1.9087317228687464, -2.156655013467219, 2.8341726659864763, 1.4950168929027794, -4.031242883026428, 1.0273788141416187, -1.6780204141462898, -0.5780117835338325, -1.8937790162253831, 3.704705100068166, -0.3019891688111558, 0.68279939441401, 0.20378258046360953, -2.497925066252583, 2.2557739714774185, -1.4305991844116983, 1.8173219843958404, 0.5789412910694347, 3.6518690690743814, 0.5745864666911746, -0.41896302421105847, 2.713265901086328, 1.1899606590437175, -3.452548615566236 ]
=========================================
EXEC_TIME: 0.086227999s
Processors: 10
size:48
Size of Afull: (48, 49)
Block mapping method selected...
[[0, 1, 2, 3], [4, 5, 6, 7], [8, 9, 10, 11], [12, 13, 14, 15], [16, 17, 18, 19], [20, 21, 22, 23], [24, 25, 26, 27], [28, 29, 30, 31], [32, 33, 34, 35], [36, 37, 38, 39, 40, 41, 42, 43, 44, 45, 46, 47, 48]]
=========================================
[0.472176623901135, 1.6904147016793571, 0.9418991609713823, -1.0501230779131945, 2.12700425061836, 0.6326032697162444, 1.2141438598085978, 2.375998351023756, 1.0081310940621933, 2.1829615413010233, 0.8834896073793322, -0.7233222443572334, -0.6392169837330732, -2.09368753603932, -0.10151389875338479, 0.5617880176101979, -0.05932075597202224, -0.8693088401750233, 0.5300897783656823, 0.8717058226408715, -1.5543396716533433, 1.3128222184402634, -0.5560705707397469, 1.6485314347319644, -0.907633374087732, 2.8073103404652473, 0.8426044129371091, 0.7731298562035556, 0.43104390909295515, 1.1299197884117995, -0.08791962932485892, -0.8535761194956433, -3.1563293675215576, 0.4625677489882401, 0.5473583989755283, -0.04112223273408866, -0.1401702110804338, -0.17505608029879371, 1.0356847367330853, 0.3508055314759016, 0.8534467965952719, -0.4547202667444889, 0.16062472487885496, 1.2383826539749796, -0.5714862197215641, -1.0601455021233988, -0.3783984473176709, 1.3953760496177896 ]
=========================================
EXEC_TIME: 0.18168895200000001s
Processors: 10
size:48
Size of Afull: (48, 49)
Shuffle method selected...
[[0, 10, 20, 30, 40], [1, 11, 21, 31, 41], [2, 12, 22, 32, 42], [3, 13, 23, 33, 43], [4, 14, 24, 34, 44], [5, 15, 25, 35, 45], [6, 16, 26, 36, 46], [7, 17, 27, 37, 47], [8, 18, 28, 38, 48], [9, 19, 29, 39]]
=========================================
[0.472176623901135, 1.6904147016793571, 0.9418991609713823, -1.0501230779131945, 2.12700425061836, 0.6326032697162444, 1.2141438598085978, 2.375998351023756, 1.0081310940621933, 2.1829615413010233, 0.8834896073793322, -0.7233222443572334, -0.6392169837330732, -2.09368753603932, -0.10151389875338479, 0.5617880176101979, -0.05932075597202224, -0.8693088401750233, 0.5300897783656823, 0.8717058226408715, -1.5543396716533433, 1.3128222184402634, -0.5560705707397469, 1.6485314347319644, -0.907633374087732, 2.8073103404652473, 0.8426044129371091, 0.7731298562035556, 0.43104390909295515, 1.1299197884117995, -0.08791962932485892, -0.8535761194956433, -3.1563293675215576, 0.4625677489882401, 0.5473583989755283, -0.04112223273408866, -0.1401702110804338, -0.17505608029879371, 1.0356847367330853, 0.3508055314759016, 0.8534467965952719, -0.4547202667444889, 0.16062472487885496, 1.2383826539749796, -0.5714862197215641, -1.0601455021233988, -0.3783984473176709, 1.3953760496177896 ]
=========================================
EXEC_TIME: 0.13141488099999998s
Processors: 12
size:16
Size of Afull: (16, 17)
Block mapping method selected...
[[0], [1], [2], [3], [4], [5], [6], [7], [8], [9], [10], [11, 12, 13, 14, 15, 16]]
=========================================
[0.5039998841009279, -1.5445689141007188, 0.6885195684785292, -2.201044079749873, 0.05243464912834157, -0.35464090966788164, 0.7170678730725535, -0.3822970280492405, -1.10827622038163, 0.6435744825745379, -0.01724553859993717, 0.6743928826043191, 0.7507210701857578, 0.3445787315556408, 1.0603809018661257, 0.06312123798069662 ]
=========================================
EXEC_TIME: 0.060395436s
Processors: 12
size:16
Size of Afull: (16, 17)
Shuffle method selected...
[[0, 12], [1, 13], [2, 14], [3, 15], [4, 16], [5], [6], [7], [8], [9], [10], [11]]
=========================================
[0.5039998841009279, -1.5445689141007188, 0.6885195684785292, -2.201044079749873, 0.05243464912834157, -0.35464090966788164, 0.7170678730725535, -0.3822970280492405, -1.10827622038163, 0.6435744825745379, -0.01724553859993717, 0.6743928826043191, 0.7507210701857578, 0.3445787315556408, 1.0603809018661257, 0.06312123798069662 ]
=========================================
EXEC_TIME: 0.035336887s
Processors: 12
size:32
Size of Afull: (32, 33)
Block mapping method selected...
[[0, 1], [2, 3], [4, 5], [6, 7], [8, 9], [10, 11], [12, 13], [14, 15], [16, 17], [18, 19], [20, 21], [22, 23, 24, 25, 26, 27, 28, 29, 30, 31, 32]]
=========================================
[-2.8817544538984277, -1.3792352723530077, -0.1575756943427452, -1.4710940017924767, -3.267858484911124, -0.42815170022518967, -1.441503171648914, -3.59748321185697, 1.9087317228687464, -2.156655013467219, 2.8341726659864763, 1.4950168929027794, -4.031242883026428, 1.0273788141416187, -1.6780204141462898, -0.5780117835338325, -1.8937790162253831, 3.704705100068166, -0.3019891688111558, 0.68279939441401, 0.20378258046360953, -2.497925066252583, 2.2557739714774185, -1.4305991844116983, 1.8173219843958404, 0.5789412910694347, 3.6518690690743814, 0.5745864666911746, -0.41896302421105847, 2.713265901086328, 1.1899606590437175, -3.452548615566236 ]
=========================================
EXEC_TIME: 0.111049454s
Processors: 12
size:32
Size of Afull: (32, 33)
Shuffle method selected...
[[0, 12, 24], [1, 13, 25], [2, 14, 26], [3, 15, 27], [4, 16, 28], [5, 17, 29], [6, 18, 30], [7, 19, 31], [8, 20, 32], [9, 21], [10, 22], [11, 23]]
=========================================
[-2.8817544538984277, -1.3792352723530077, -0.1575756943427452, -1.4710940017924767, -3.267858484911124, -0.42815170022518967, -1.441503171648914, -3.59748321185697, 1.9087317228687464, -2.156655013467219, 2.8341726659864763, 1.4950168929027794, -4.031242883026428, 1.0273788141416187, -1.6780204141462898, -0.5780117835338325, -1.8937790162253831, 3.704705100068166, -0.3019891688111558, 0.68279939441401, 0.20378258046360953, -2.497925066252583, 2.2557739714774185, -1.4305991844116983, 1.8173219843958404, 0.5789412910694347, 3.6518690690743814, 0.5745864666911746, -0.41896302421105847, 2.713265901086328, 1.1899606590437175, -3.452548615566236 ]
=========================================
EXEC_TIME: 0.094107355s
Processors: 12
size:48
Size of Afull: (48, 49)
Block mapping method selected...
[[0, 1, 2, 3], [4, 5, 6, 7], [8, 9, 10, 11], [12, 13, 14, 15], [16, 17, 18, 19], [20, 21, 22, 23], [24, 25, 26, 27], [28, 29, 30, 31], [32, 33, 34, 35], [36, 37, 38, 39], [40, 41, 42, 43], [44, 45, 46, 47, 48]]
=========================================
[0.472176623901135, 1.6904147016793571, 0.9418991609713823, -1.0501230779131945, 2.12700425061836, 0.6326032697162444, 1.2141438598085978, 2.375998351023756, 1.0081310940621933, 2.1829615413010233, 0.8834896073793322, -0.7233222443572334, -0.6392169837330732, -2.09368753603932, -0.10151389875338479, 0.5617880176101979, -0.05932075597202224, -0.8693088401750233, 0.5300897783656823, 0.8717058226408715, -1.5543396716533433, 1.3128222184402634, -0.5560705707397469, 1.6485314347319644, -0.907633374087732, 2.8073103404652473, 0.8426044129371091, 0.7731298562035556, 0.43104390909295515, 1.1299197884117995, -0.08791962932485892, -0.8535761194956433, -3.1563293675215576, 0.4625677489882401, 0.5473583989755283, -0.04112223273408866, -0.1401702110804338, -0.17505608029879371, 1.0356847367330853, 0.3508055314759016, 0.8534467965952719, -0.4547202667444889, 0.16062472487885496, 1.2383826539749796, -0.5714862197215641, -1.0601455021233988, -0.3783984473176709, 1.3953760496177896 ]
=========================================
EXEC_TIME: 0.145796499s
Processors: 12
size:48
Size of Afull: (48, 49)
Shuffle method selected...
[[0, 12, 24, 36, 48], [1, 13, 25, 37], [2, 14, 26, 38], [3, 15, 27, 39], [4, 16, 28, 40], [5, 17, 29, 41], [6, 18, 30, 42], [7, 19, 31, 43], [8, 20, 32, 44], [9, 21, 33, 45], [10, 22, 34, 46], [11, 23, 35, 47]]
=========================================
[0.472176623901135, 1.6904147016793571, 0.9418991609713823, -1.0501230779131945, 2.12700425061836, 0.6326032697162444, 1.2141438598085978, 2.375998351023756, 1.0081310940621933, 2.1829615413010233, 0.8834896073793322, -0.7233222443572334, -0.6392169837330732, -2.09368753603932, -0.10151389875338479, 0.5617880176101979, -0.05932075597202224, -0.8693088401750233, 0.5300897783656823, 0.8717058226408715, -1.5543396716533433, 1.3128222184402634, -0.5560705707397469, 1.6485314347319644, -0.907633374087732, 2.8073103404652473, 0.8426044129371091, 0.7731298562035556, 0.43104390909295515, 1.1299197884117995, -0.08791962932485892, -0.8535761194956433, -3.1563293675215576, 0.4625677489882401, 0.5473583989755283, -0.04112223273408866, -0.1401702110804338, -0.17505608029879371, 1.0356847367330853, 0.3508055314759016, 0.8534467965952719, -0.4547202667444889, 0.16062472487885496, 1.2383826539749796, -0.5714862197215641, -1.0601455021233988, -0.3783984473176709, 1.3953760496177896 ]
=========================================
EXEC_TIME: 0.127631747s
Processors: 16
size:16
Size of Afull: (16, 17)
Block mapping method selected...
[[0], [1], [2], [3], [4], [5], [6], [7], [8], [9], [10], [11], [12], [13], [14], [15, 16]]
=========================================
[0.5039998841009279, -1.5445689141007188, 0.6885195684785292, -2.201044079749873, 0.05243464912834157, -0.35464090966788164, 0.7170678730725535, -0.3822970280492405, -1.10827622038163, 0.6435744825745379, -0.01724553859993717, 0.6743928826043191, 0.7507210701857578, 0.3445787315556408, 1.0603809018661257, 0.06312123798069662 ]
=========================================
EXEC_TIME: 0.061104108s
Processors: 16
size:16
Size of Afull: (16, 17)
Shuffle method selected...
[[0, 16], [1], [2], [3], [4], [5], [6], [7], [8], [9], [10], [11], [12], [13], [14], [15]]
=========================================
[0.5039998841009279, -1.5445689141007188, 0.6885195684785292, -2.201044079749873, 0.05243464912834157, -0.35464090966788164, 0.7170678730725535, -0.3822970280492405, -1.10827622038163, 0.6435744825745379, -0.01724553859993717, 0.6743928826043191, 0.7507210701857578, 0.3445787315556408, 1.0603809018661257, 0.06312123798069662 ]
=========================================
EXEC_TIME: 0.068919848s
Processors: 16
size:32
Size of Afull: (32, 33)
Block mapping method selected...
[[0, 1], [2, 3], [4, 5], [6, 7], [8, 9], [10, 11], [12, 13], [14, 15], [16, 17], [18, 19], [20, 21], [22, 23], [24, 25], [26, 27], [28, 29], [30, 31, 32]]
=========================================
[-2.8817544538984277, -1.3792352723530077, -0.1575756943427452, -1.4710940017924767, -3.267858484911124, -0.42815170022518967, -1.441503171648914, -3.59748321185697, 1.9087317228687464, -2.156655013467219, 2.8341726659864763, 1.4950168929027794, -4.031242883026428, 1.0273788141416187, -1.6780204141462898, -0.5780117835338325, -1.8937790162253831, 3.704705100068166, -0.3019891688111558, 0.68279939441401, 0.20378258046360953, -2.497925066252583, 2.2557739714774185, -1.4305991844116983, 1.8173219843958404, 0.5789412910694347, 3.6518690690743814, 0.5745864666911746, -0.41896302421105847, 2.713265901086328, 1.1899606590437175, -3.452548615566236 ]
=========================================
EXEC_TIME: 0.056039516s
Processors: 16
size:32
Size of Afull: (32, 33)
Shuffle method selected...
[[0, 16, 32], [1, 17], [2, 18], [3, 19], [4, 20], [5, 21], [6, 22], [7, 23], [8, 24], [9, 25], [10, 26], [11, 27], [12, 28], [13, 29], [14, 30], [15, 31]]
=========================================
[-2.8817544538984277, -1.3792352723530077, -0.1575756943427452, -1.4710940017924767, -3.267858484911124, -0.42815170022518967, -1.441503171648914, -3.59748321185697, 1.9087317228687464, -2.156655013467219, 2.8341726659864763, 1.4950168929027794, -4.031242883026428, 1.0273788141416187, -1.6780204141462898, -0.5780117835338325, -1.8937790162253831, 3.704705100068166, -0.3019891688111558, 0.68279939441401, 0.20378258046360953, -2.497925066252583, 2.2557739714774185, -1.4305991844116983, 1.8173219843958404, 0.5789412910694347, 3.6518690690743814, 0.5745864666911746, -0.41896302421105847, 2.713265901086328, 1.1899606590437175, -3.452548615566236 ]
=========================================
EXEC_TIME: 0.11685869s
Processors: 16
size:48
Size of Afull: (48, 49)
Block mapping method selected...
[[0, 1, 2], [3, 4, 5], [6, 7, 8], [9, 10, 11], [12, 13, 14], [15, 16, 17], [18, 19, 20], [21, 22, 23], [24, 25, 26], [27, 28, 29], [30, 31, 32], [33, 34, 35], [36, 37, 38], [39, 40, 41], [42, 43, 44], [45, 46, 47, 48]]
=========================================
[0.472176623901135, 1.6904147016793571, 0.9418991609713823, -1.0501230779131945, 2.12700425061836, 0.6326032697162444, 1.2141438598085978, 2.375998351023756, 1.0081310940621933, 2.1829615413010233, 0.8834896073793322, -0.7233222443572334, -0.6392169837330732, -2.09368753603932, -0.10151389875338479, 0.5617880176101979, -0.05932075597202224, -0.8693088401750233, 0.5300897783656823, 0.8717058226408715, -1.5543396716533433, 1.3128222184402634, -0.5560705707397469, 1.6485314347319644, -0.907633374087732, 2.8073103404652473, 0.8426044129371091, 0.7731298562035556, 0.43104390909295515, 1.1299197884117995, -0.08791962932485892, -0.8535761194956433, -3.1563293675215576, 0.4625677489882401, 0.5473583989755283, -0.04112223273408866, -0.1401702110804338, -0.17505608029879371, 1.0356847367330853, 0.3508055314759016, 0.8534467965952719, -0.4547202667444889, 0.16062472487885496, 1.2383826539749796, -0.5714862197215641, -1.0601455021233988, -0.3783984473176709, 1.3953760496177896 ]
=========================================
EXEC_TIME: 0.16315142400000004s
Processors: 16
size:48
Size of Afull: (48, 49)
Shuffle method selected...
[[0, 16, 32, 48], [1, 17, 33], [2, 18, 34], [3, 19, 35], [4, 20, 36], [5, 21, 37], [6, 22, 38], [7, 23, 39], [8, 24, 40], [9, 25, 41], [10, 26, 42], [11, 27, 43], [12, 28, 44], [13, 29, 45], [14, 30, 46], [15, 31, 47]]
=========================================
[0.472176623901135, 1.6904147016793571, 0.9418991609713823, -1.0501230779131945, 2.12700425061836, 0.6326032697162444, 1.2141438598085978, 2.375998351023756, 1.0081310940621933, 2.1829615413010233, 0.8834896073793322, -0.7233222443572334, -0.6392169837330732, -2.09368753603932, -0.10151389875338479, 0.5617880176101979, -0.05932075597202224, -0.8693088401750233, 0.5300897783656823, 0.8717058226408715, -1.5543396716533433, 1.3128222184402634, -0.5560705707397469, 1.6485314347319644, -0.907633374087732, 2.8073103404652473, 0.8426044129371091, 0.7731298562035556, 0.43104390909295515, 1.1299197884117995, -0.08791962932485892, -0.8535761194956433, -3.1563293675215576, 0.4625677489882401, 0.5473583989755283, -0.04112223273408866, -0.1401702110804338, -0.17505608029879371, 1.0356847367330853, 0.3508055314759016, 0.8534467965952719, -0.4547202667444889, 0.16062472487885496, 1.2383826539749796, -0.5714862197215641, -1.0601455021233988, -0.3783984473176709, 1.3953760496177896 ]
=========================================
EXEC_TIME: 0.170742113s
